{"/Users/Vilizar/Desktop/GITHUB PROJECTS/workout-routine-builder/src/App.jsx": {"path":"/Users/Vilizar/Desktop/GITHUB PROJECTS/workout-routine-builder/src/App.jsx","statementMap":{"0":{"start":{"line":8,"column":36},"end":{"line":11,"column":4}},"1":{"start":{"line":9,"column":18},"end":{"line":9,"column":58}},"2":{"start":{"line":10,"column":4},"end":{"line":10,"column":56}},"3":{"start":{"line":13,"column":32},"end":{"line":26,"column":4}},"4":{"start":{"line":14,"column":18},"end":{"line":14,"column":53}},"5":{"start":{"line":15,"column":4},"end":{"line":25,"column":10}},"6":{"start":{"line":29,"column":30},"end":{"line":41,"column":3}},"7":{"start":{"line":30,"column":4},"end":{"line":40,"column":7}},"8":{"start":{"line":31,"column":25},"end":{"line":31,"column":39}},"9":{"start":{"line":32,"column":6},"end":{"line":35,"column":8}},"10":{"start":{"line":36,"column":6},"end":{"line":39,"column":8}},"11":{"start":{"line":43,"column":28},"end":{"line":54,"column":3}},"12":{"start":{"line":44,"column":24},"end":{"line":48,"column":5}},"13":{"start":{"line":50,"column":4},"end":{"line":53,"column":8}},"14":{"start":{"line":50,"column":26},"end":{"line":53,"column":5}},"15":{"start":{"line":56,"column":23},"end":{"line":61,"column":3}},"16":{"start":{"line":57,"column":4},"end":{"line":60,"column":8}},"17":{"start":{"line":57,"column":26},"end":{"line":60,"column":5}},"18":{"start":{"line":59,"column":40},"end":{"line":59,"column":51}},"19":{"start":{"line":63,"column":27},"end":{"line":65,"column":3}},"20":{"start":{"line":64,"column":4},"end":{"line":64,"column":62}},"21":{"start":{"line":64,"column":27},"end":{"line":64,"column":60}},"22":{"start":{"line":64,"column":47},"end":{"line":64,"column":59}},"23":{"start":{"line":67,"column":30},"end":{"line":71,"column":3}},"24":{"start":{"line":68,"column":17},"end":{"line":68,"column":37}},"25":{"start":{"line":69,"column":24},"end":{"line":69,"column":54}},"26":{"start":{"line":70,"column":4},"end":{"line":70,"column":51}},"27":{"start":{"line":70,"column":27},"end":{"line":70,"column":49}},"28":{"start":{"line":74,"column":2},"end":{"line":76,"column":16}},"29":{"start":{"line":75,"column":4},"end":{"line":75,"column":65}},"30":{"start":{"line":78,"column":2},"end":{"line":80,"column":18}},"31":{"start":{"line":79,"column":4},"end":{"line":79,"column":72}},"32":{"start":{"line":82,"column":2},"end":{"line":119,"column":4}}},"fnMap":{"0":{"name":"App","decl":{"start":{"line":6,"column":9},"end":{"line":6,"column":12}},"loc":{"start":{"line":6,"column":15},"end":{"line":120,"column":1}},"line":6},"1":{"name":"(anonymous_1)","decl":{"start":{"line":8,"column":45},"end":{"line":8,"column":46}},"loc":{"start":{"line":8,"column":51},"end":{"line":11,"column":3}},"line":8},"2":{"name":"(anonymous_2)","decl":{"start":{"line":13,"column":41},"end":{"line":13,"column":42}},"loc":{"start":{"line":13,"column":47},"end":{"line":26,"column":3}},"line":13},"3":{"name":"(anonymous_3)","decl":{"start":{"line":29,"column":30},"end":{"line":29,"column":31}},"loc":{"start":{"line":29,"column":60},"end":{"line":41,"column":3}},"line":29},"4":{"name":"(anonymous_4)","decl":{"start":{"line":30,"column":15},"end":{"line":30,"column":16}},"loc":{"start":{"line":30,"column":25},"end":{"line":40,"column":5}},"line":30},"5":{"name":"(anonymous_5)","decl":{"start":{"line":43,"column":28},"end":{"line":43,"column":29}},"loc":{"start":{"line":43,"column":47},"end":{"line":54,"column":3}},"line":43},"6":{"name":"(anonymous_6)","decl":{"start":{"line":50,"column":15},"end":{"line":50,"column":16}},"loc":{"start":{"line":50,"column":26},"end":{"line":53,"column":5}},"line":50},"7":{"name":"(anonymous_7)","decl":{"start":{"line":56,"column":23},"end":{"line":56,"column":24}},"loc":{"start":{"line":56,"column":39},"end":{"line":61,"column":3}},"line":56},"8":{"name":"(anonymous_8)","decl":{"start":{"line":57,"column":15},"end":{"line":57,"column":16}},"loc":{"start":{"line":57,"column":26},"end":{"line":60,"column":5}},"line":57},"9":{"name":"(anonymous_9)","decl":{"start":{"line":59,"column":30},"end":{"line":59,"column":31}},"loc":{"start":{"line":59,"column":40},"end":{"line":59,"column":51}},"line":59},"10":{"name":"(anonymous_10)","decl":{"start":{"line":63,"column":27},"end":{"line":63,"column":28}},"loc":{"start":{"line":63,"column":35},"end":{"line":65,"column":3}},"line":63},"11":{"name":"(anonymous_11)","decl":{"start":{"line":64,"column":17},"end":{"line":64,"column":18}},"loc":{"start":{"line":64,"column":27},"end":{"line":64,"column":60}},"line":64},"12":{"name":"(anonymous_12)","decl":{"start":{"line":64,"column":39},"end":{"line":64,"column":40}},"loc":{"start":{"line":64,"column":47},"end":{"line":64,"column":59}},"line":64},"13":{"name":"(anonymous_13)","decl":{"start":{"line":67,"column":30},"end":{"line":67,"column":31}},"loc":{"start":{"line":67,"column":44},"end":{"line":71,"column":3}},"line":67},"14":{"name":"(anonymous_14)","decl":{"start":{"line":70,"column":17},"end":{"line":70,"column":18}},"loc":{"start":{"line":70,"column":27},"end":{"line":70,"column":49}},"line":70},"15":{"name":"(anonymous_15)","decl":{"start":{"line":74,"column":12},"end":{"line":74,"column":13}},"loc":{"start":{"line":74,"column":18},"end":{"line":76,"column":3}},"line":74},"16":{"name":"(anonymous_16)","decl":{"start":{"line":78,"column":12},"end":{"line":78,"column":13}},"loc":{"start":{"line":78,"column":18},"end":{"line":80,"column":3}},"line":78}},"branchMap":{"0":{"loc":{"start":{"line":10,"column":11},"end":{"line":10,"column":55}},"type":"cond-expr","locations":[{"start":{"line":10,"column":19},"end":{"line":10,"column":36}},{"start":{"line":10,"column":39},"end":{"line":10,"column":55}}],"line":10},"1":{"loc":{"start":{"line":15,"column":11},"end":{"line":25,"column":9}},"type":"cond-expr","locations":[{"start":{"line":16,"column":8},"end":{"line":16,"column":25}},{"start":{"line":17,"column":8},"end":{"line":25,"column":9}}],"line":15}},"s":{"0":1,"1":1,"2":1,"3":1,"4":1,"5":1,"6":1,"7":0,"8":0,"9":0,"10":0,"11":1,"12":0,"13":0,"14":0,"15":1,"16":0,"17":0,"18":0,"19":1,"20":0,"21":0,"22":0,"23":1,"24":0,"25":0,"26":0,"27":0,"28":1,"29":1,"30":1,"31":1,"32":1},"f":{"0":1,"1":1,"2":1,"3":0,"4":0,"5":0,"6":0,"7":0,"8":0,"9":0,"10":0,"11":0,"12":0,"13":0,"14":0,"15":1,"16":1},"b":{"0":[0,1],"1":[0,1]},"_coverageSchema":"1a1c01bbd47fc00a2c39e90264f33305004495a9","hash":"7e03abc0a4f7e31471d01eb610b6fe9ffc5922a3"}
,"/Users/Vilizar/Desktop/GITHUB PROJECTS/workout-routine-builder/src/components/ExerciseList.jsx": {"path":"/Users/Vilizar/Desktop/GITHUB PROJECTS/workout-routine-builder/src/components/ExerciseList.jsx","statementMap":{"0":{"start":{"line":9,"column":15},"end":{"line":17,"column":3}},"1":{"start":{"line":19,"column":46},"end":{"line":19,"column":58}},"2":{"start":{"line":20,"column":40},"end":{"line":20,"column":52}},"3":{"start":{"line":21,"column":50},"end":{"line":21,"column":65}},"4":{"start":{"line":24,"column":21},"end":{"line":27,"column":10}},"5":{"start":{"line":26,"column":37},"end":{"line":26,"column":68}},"6":{"start":{"line":29,"column":28},"end":{"line":37,"column":4}},"7":{"start":{"line":30,"column":26},"end":{"line":32,"column":42}},"8":{"start":{"line":34,"column":6},"end":{"line":35,"column":58}},"9":{"start":{"line":36,"column":4},"end":{"line":36,"column":44}},"10":{"start":{"line":39,"column":20},"end":{"line":44,"column":3}},"11":{"start":{"line":40,"column":4},"end":{"line":43,"column":5}},"12":{"start":{"line":41,"column":6},"end":{"line":41,"column":42}},"13":{"start":{"line":42,"column":6},"end":{"line":42,"column":28}},"14":{"start":{"line":46,"column":2},"end":{"line":164,"column":4}},"15":{"start":{"line":61,"column":31},"end":{"line":61,"column":61}},"16":{"start":{"line":70,"column":12},"end":{"line":80,"column":21}},"17":{"start":{"line":77,"column":29},"end":{"line":77,"column":58}},"18":{"start":{"line":90,"column":14},"end":{"line":133,"column":20}},"19":{"start":{"line":99,"column":35},"end":{"line":99,"column":58}},"20":{"start":{"line":121,"column":32},"end":{"line":121,"column":46}},"21":{"start":{"line":122,"column":20},"end":{"line":122,"column":52}},"22":{"start":{"line":122,"column":29},"end":{"line":122,"column":52}},"23":{"start":{"line":123,"column":20},"end":{"line":123,"column":40}},"24":{"start":{"line":128,"column":20},"end":{"line":130,"column":29}},"25":{"start":{"line":151,"column":31},"end":{"line":151,"column":64}},"26":{"start":{"line":152,"column":32},"end":{"line":152,"column":64}}},"fnMap":{"0":{"name":"ExerciseList","decl":{"start":{"line":3,"column":24},"end":{"line":3,"column":36}},"loc":{"start":{"line":8,"column":3},"end":{"line":165,"column":1}},"line":8},"1":{"name":"(anonymous_1)","decl":{"start":{"line":26,"column":29},"end":{"line":26,"column":30}},"loc":{"start":{"line":26,"column":37},"end":{"line":26,"column":68}},"line":26},"2":{"name":"(anonymous_2)","decl":{"start":{"line":29,"column":45},"end":{"line":29,"column":46}},"loc":{"start":{"line":29,"column":53},"end":{"line":37,"column":3}},"line":29},"3":{"name":"(anonymous_3)","decl":{"start":{"line":39,"column":20},"end":{"line":39,"column":21}},"loc":{"start":{"line":39,"column":26},"end":{"line":44,"column":3}},"line":39},"4":{"name":"(anonymous_4)","decl":{"start":{"line":61,"column":24},"end":{"line":61,"column":25}},"loc":{"start":{"line":61,"column":31},"end":{"line":61,"column":61}},"line":61},"5":{"name":"(anonymous_5)","decl":{"start":{"line":69,"column":26},"end":{"line":69,"column":27}},"loc":{"start":{"line":70,"column":12},"end":{"line":80,"column":21}},"line":70},"6":{"name":"(anonymous_6)","decl":{"start":{"line":77,"column":23},"end":{"line":77,"column":24}},"loc":{"start":{"line":77,"column":29},"end":{"line":77,"column":58}},"line":77},"7":{"name":"(anonymous_7)","decl":{"start":{"line":89,"column":34},"end":{"line":89,"column":35}},"loc":{"start":{"line":90,"column":14},"end":{"line":133,"column":20}},"line":90},"8":{"name":"(anonymous_8)","decl":{"start":{"line":99,"column":29},"end":{"line":99,"column":30}},"loc":{"start":{"line":99,"column":35},"end":{"line":99,"column":58}},"line":99},"9":{"name":"(anonymous_9)","decl":{"start":{"line":120,"column":28},"end":{"line":120,"column":29}},"loc":{"start":{"line":120,"column":35},"end":{"line":124,"column":19}},"line":120},"10":{"name":"(anonymous_10)","decl":{"start":{"line":127,"column":28},"end":{"line":127,"column":29}},"loc":{"start":{"line":128,"column":20},"end":{"line":130,"column":29}},"line":128},"11":{"name":"(anonymous_11)","decl":{"start":{"line":151,"column":24},"end":{"line":151,"column":25}},"loc":{"start":{"line":151,"column":31},"end":{"line":151,"column":64}},"line":151},"12":{"name":"(anonymous_12)","decl":{"start":{"line":152,"column":25},"end":{"line":152,"column":26}},"loc":{"start":{"line":152,"column":32},"end":{"line":152,"column":64}},"line":152}},"branchMap":{"0":{"loc":{"start":{"line":34,"column":6},"end":{"line":35,"column":58}},"type":"binary-expr","locations":[{"start":{"line":34,"column":6},"end":{"line":34,"column":32}},{"start":{"line":35,"column":6},"end":{"line":35,"column":58}}],"line":34},"1":{"loc":{"start":{"line":36,"column":11},"end":{"line":36,"column":43}},"type":"binary-expr","locations":[{"start":{"line":36,"column":11},"end":{"line":36,"column":24}},{"start":{"line":36,"column":28},"end":{"line":36,"column":43}}],"line":36},"2":{"loc":{"start":{"line":40,"column":4},"end":{"line":43,"column":5}},"type":"if","locations":[{"start":{"line":40,"column":4},"end":{"line":43,"column":5}},{"start":{},"end":{}}],"line":40},"3":{"loc":{"start":{"line":73,"column":16},"end":{"line":75,"column":65}},"type":"cond-expr","locations":[{"start":{"line":74,"column":20},"end":{"line":74,"column":46}},{"start":{"line":75,"column":20},"end":{"line":75,"column":65}}],"line":73},"4":{"loc":{"start":{"line":86,"column":11},"end":{"line":135,"column":11}},"type":"cond-expr","locations":[{"start":{"line":87,"column":12},"end":{"line":87,"column":80}},{"start":{"line":89,"column":12},"end":{"line":134,"column":14}}],"line":86},"5":{"loc":{"start":{"line":122,"column":20},"end":{"line":122,"column":52}},"type":"if","locations":[{"start":{"line":122,"column":20},"end":{"line":122,"column":52}},{"start":{},"end":{}}],"line":122},"6":{"loc":{"start":{"line":152,"column":32},"end":{"line":152,"column":64}},"type":"binary-expr","locations":[{"start":{"line":152,"column":32},"end":{"line":152,"column":49}},{"start":{"line":152,"column":53},"end":{"line":152,"column":64}}],"line":152}},"s":{"0":1,"1":1,"2":1,"3":1,"4":1,"5":6,"6":1,"7":6,"8":6,"9":6,"10":1,"11":0,"12":0,"13":0,"14":1,"15":0,"16":5,"17":0,"18":6,"19":0,"20":0,"21":0,"22":0,"23":0,"24":42,"25":0,"26":0},"f":{"0":1,"1":6,"2":6,"3":0,"4":0,"5":5,"6":0,"7":6,"8":0,"9":0,"10":42,"11":0,"12":0},"b":{"0":[6,0],"1":[6,6],"2":[0,0],"3":[1,4],"4":[0,1],"5":[0,0],"6":[0,0]},"_coverageSchema":"1a1c01bbd47fc00a2c39e90264f33305004495a9","hash":"eb3269f947d3071762d2f6f8d7b508817b2a5342"}
,"/Users/Vilizar/Desktop/GITHUB PROJECTS/workout-routine-builder/src/components/Planner.jsx": {"path":"/Users/Vilizar/Desktop/GITHUB PROJECTS/workout-routine-builder/src/components/Planner.jsx","statementMap":{"0":{"start":{"line":2,"column":29},"end":{"line":5,"column":3}},"1":{"start":{"line":3,"column":26},"end":{"line":3,"column":50}},"2":{"start":{"line":7,"column":2},"end":{"line":128,"column":4}},"3":{"start":{"line":22,"column":12},"end":{"line":123,"column":18}},"4":{"start":{"line":58,"column":22},"end":{"line":118,"column":28}},"5":{"start":{"line":68,"column":43},"end":{"line":68,"column":67}},"6":{"start":{"line":98,"column":32},"end":{"line":98,"column":76}},"7":{"start":{"line":112,"column":32},"end":{"line":112,"column":76}}},"fnMap":{"0":{"name":"Planner","decl":{"start":{"line":1,"column":24},"end":{"line":1,"column":31}},"loc":{"start":{"line":1,"column":69},"end":{"line":129,"column":1}},"line":1},"1":{"name":"(anonymous_1)","decl":{"start":{"line":3,"column":4},"end":{"line":3,"column":5}},"loc":{"start":{"line":3,"column":26},"end":{"line":3,"column":50}},"line":3},"2":{"name":"(anonymous_2)","decl":{"start":{"line":21,"column":39},"end":{"line":21,"column":40}},"loc":{"start":{"line":22,"column":12},"end":{"line":123,"column":18}},"line":22},"3":{"name":"(anonymous_3)","decl":{"start":{"line":57,"column":35},"end":{"line":57,"column":36}},"loc":{"start":{"line":58,"column":22},"end":{"line":118,"column":28}},"line":58},"4":{"name":"(anonymous_4)","decl":{"start":{"line":68,"column":37},"end":{"line":68,"column":38}},"loc":{"start":{"line":68,"column":43},"end":{"line":68,"column":67}},"line":68},"5":{"name":"(anonymous_5)","decl":{"start":{"line":97,"column":40},"end":{"line":97,"column":41}},"loc":{"start":{"line":98,"column":32},"end":{"line":98,"column":76}},"line":98},"6":{"name":"(anonymous_6)","decl":{"start":{"line":111,"column":40},"end":{"line":111,"column":41}},"loc":{"start":{"line":112,"column":32},"end":{"line":112,"column":76}},"line":112}},"branchMap":{"0":{"loc":{"start":{"line":14,"column":13},"end":{"line":14,"column":64}},"type":"cond-expr","locations":[{"start":{"line":14,"column":40},"end":{"line":14,"column":50}},{"start":{"line":14,"column":53},"end":{"line":14,"column":64}}],"line":14},"1":{"loc":{"start":{"line":25,"column":16},"end":{"line":25,"column":74}},"type":"cond-expr","locations":[{"start":{"line":25,"column":35},"end":{"line":25,"column":54}},{"start":{"line":25,"column":57},"end":{"line":25,"column":74}}],"line":25},"2":{"loc":{"start":{"line":30,"column":18},"end":{"line":30,"column":67}},"type":"cond-expr","locations":[{"start":{"line":30,"column":37},"end":{"line":30,"column":52}},{"start":{"line":30,"column":55},"end":{"line":30,"column":67}}],"line":30},"3":{"loc":{"start":{"line":37,"column":17},"end":{"line":121,"column":17}},"type":"cond-expr","locations":[{"start":{"line":38,"column":18},"end":{"line":54,"column":24}},{"start":{"line":56,"column":18},"end":{"line":120,"column":24}}],"line":37}},"s":{"0":6,"1":42,"2":6,"3":42,"4":18,"5":0,"6":0,"7":0},"f":{"0":6,"1":42,"2":42,"3":18,"4":0,"5":0,"6":0},"b":{"0":[0,6],"1":[6,36],"2":[6,36],"3":[36,6]},"_coverageSchema":"1a1c01bbd47fc00a2c39e90264f33305004495a9","hash":"f157dabae3ba1ec2494f7844937a032a6f861e37"}
,"/Users/Vilizar/Desktop/GITHUB PROJECTS/workout-routine-builder/src/data/exercises.js": {"path":"/Users/Vilizar/Desktop/GITHUB PROJECTS/workout-routine-builder/src/data/exercises.js","statementMap":{"0":{"start":{"line":1,"column":25},"end":{"line":8,"column":1}}},"fnMap":{},"branchMap":{},"s":{"0":2},"f":{},"b":{},"_coverageSchema":"1a1c01bbd47fc00a2c39e90264f33305004495a9","hash":"73e93c407b38b6b955e9987284a80c35d4e33fc4"}
}
