TN:
SF:src/App.jsx
FN:6,App
FN:8,(anonymous_1)
FN:13,(anonymous_2)
FN:29,(anonymous_3)
FN:30,(anonymous_4)
FN:43,(anonymous_5)
FN:50,(anonymous_6)
FN:56,(anonymous_7)
FN:57,(anonymous_8)
FN:59,(anonymous_9)
FN:63,(anonymous_10)
FN:64,(anonymous_11)
FN:64,(anonymous_12)
FN:67,(anonymous_13)
FN:70,(anonymous_14)
FN:74,(anonymous_15)
FN:78,(anonymous_16)
FNF:17
FNH:5
FNDA:1,App
FNDA:1,(anonymous_1)
FNDA:1,(anonymous_2)
FNDA:0,(anonymous_3)
FNDA:0,(anonymous_4)
FNDA:0,(anonymous_5)
FNDA:0,(anonymous_6)
FNDA:0,(anonymous_7)
FNDA:0,(anonymous_8)
FNDA:0,(anonymous_9)
FNDA:0,(anonymous_10)
FNDA:0,(anonymous_11)
FNDA:0,(anonymous_12)
FNDA:0,(anonymous_13)
FNDA:0,(anonymous_14)
FNDA:1,(anonymous_15)
FNDA:1,(anonymous_16)
DA:8,1
DA:9,1
DA:10,1
DA:13,1
DA:14,1
DA:15,1
DA:29,1
DA:30,0
DA:31,0
DA:32,0
DA:36,0
DA:43,1
DA:44,0
DA:50,0
DA:56,1
DA:57,0
DA:59,0
DA:63,1
DA:64,0
DA:67,1
DA:68,0
DA:69,0
DA:70,0
DA:74,1
DA:75,1
DA:78,1
DA:79,1
DA:82,1
LF:28
LH:16
BRDA:10,0,0,0
BRDA:10,0,1,1
BRDA:15,1,0,0
BRDA:15,1,1,1
BRF:4
BRH:2
end_of_record
TN:
SF:src/components/ExerciseList.jsx
FN:3,ExerciseList
FN:26,(anonymous_1)
FN:29,(anonymous_2)
FN:39,(anonymous_3)
FN:61,(anonymous_4)
FN:69,(anonymous_5)
FN:77,(anonymous_6)
FN:89,(anonymous_7)
FN:99,(anonymous_8)
FN:120,(anonymous_9)
FN:127,(anonymous_10)
FN:151,(anonymous_11)
FN:152,(anonymous_12)
FNF:13
FNH:6
FNDA:1,ExerciseList
FNDA:6,(anonymous_1)
FNDA:6,(anonymous_2)
FNDA:0,(anonymous_3)
FNDA:0,(anonymous_4)
FNDA:5,(anonymous_5)
FNDA:0,(anonymous_6)
FNDA:6,(anonymous_7)
FNDA:0,(anonymous_8)
FNDA:0,(anonymous_9)
FNDA:42,(anonymous_10)
FNDA:0,(anonymous_11)
FNDA:0,(anonymous_12)
DA:9,1
DA:19,1
DA:20,1
DA:21,1
DA:24,1
DA:26,6
DA:29,1
DA:30,6
DA:34,6
DA:36,6
DA:39,1
DA:40,0
DA:41,0
DA:42,0
DA:46,1
DA:61,0
DA:70,5
DA:77,0
DA:90,6
DA:99,0
DA:121,0
DA:122,0
DA:123,0
DA:128,42
DA:151,0
DA:152,0
LF:26
LH:15
BRDA:34,0,0,6
BRDA:34,0,1,0
BRDA:36,1,0,6
BRDA:36,1,1,6
BRDA:40,2,0,0
BRDA:40,2,1,0
BRDA:73,3,0,1
BRDA:73,3,1,4
BRDA:86,4,0,0
BRDA:86,4,1,1
BRDA:122,5,0,0
BRDA:122,5,1,0
BRDA:152,6,0,0
BRDA:152,6,1,0
BRF:14
BRH:6
end_of_record
TN:
SF:src/components/Planner.jsx
FN:1,Planner
FN:3,(anonymous_1)
FN:21,(anonymous_2)
FN:57,(anonymous_3)
FN:68,(anonymous_4)
FN:97,(anonymous_5)
FN:111,(anonymous_6)
FNF:7
FNH:4
FNDA:6,Planner
FNDA:42,(anonymous_1)
FNDA:42,(anonymous_2)
FNDA:18,(anonymous_3)
FNDA:0,(anonymous_4)
FNDA:0,(anonymous_5)
FNDA:0,(anonymous_6)
DA:2,6
DA:3,42
DA:7,6
DA:22,42
DA:58,18
DA:68,0
DA:98,0
DA:112,0
LF:8
LH:5
BRDA:14,0,0,0
BRDA:14,0,1,6
BRDA:25,1,0,6
BRDA:25,1,1,36
BRDA:30,2,0,6
BRDA:30,2,1,36
BRDA:37,3,0,36
BRDA:37,3,1,6
BRF:8
BRH:7
end_of_record
TN:
SF:src/data/exercises.js
FNF:0
FNH:0
DA:1,2
LF:1
LH:1
BRF:0
BRH:0
end_of_record
