TN:
SF:src/App.jsx
FN:6,App
FN:8,(anonymous_1)
FN:13,(anonymous_2)
FN:29,(anonymous_3)
FN:30,(anonymous_4)
FN:43,(anonymous_5)
FN:50,(anonymous_6)
FN:56,(anonymous_7)
FN:57,(anonymous_8)
FN:59,(anonymous_9)
FN:63,(anonymous_10)
FN:64,(anonymous_11)
FN:64,(anonymous_12)
FN:67,(anonymous_13)
FN:70,(anonymous_14)
FN:74,(anonymous_15)
FN:78,(anonymous_16)
FNF:17
FNH:12
FNDA:16,App
FNDA:6,(anonymous_1)
FNDA:6,(anonymous_2)
FNDA:5,(anonymous_3)
FNDA:5,(anonymous_4)
FNDA:4,(anonymous_5)
FNDA:4,(anonymous_6)
FNDA:1,(anonymous_7)
FNDA:1,(anonymous_8)
FNDA:1,(anonymous_9)
FNDA:0,(anonymous_10)
FNDA:0,(anonymous_11)
FNDA:0,(anonymous_12)
FNDA:0,(anonymous_13)
FNDA:0,(anonymous_14)
FNDA:16,(anonymous_15)
FNDA:6,(anonymous_16)
DA:8,16
DA:9,6
DA:10,6
DA:13,16
DA:14,6
DA:15,6
DA:29,16
DA:30,5
DA:31,5
DA:32,5
DA:36,5
DA:43,16
DA:44,4
DA:50,4
DA:56,16
DA:57,1
DA:59,1
DA:63,16
DA:64,0
DA:67,16
DA:68,0
DA:69,0
DA:70,0
DA:74,16
DA:75,16
DA:78,16
DA:79,6
DA:82,16
LF:28
LH:24
BRDA:10,0,0,1
BRDA:10,0,1,5
BRDA:15,1,0,1
BRDA:15,1,1,5
BRF:4
BRH:4
end_of_record
TN:
SF:src/components/ExerciseList.jsx
FN:3,ExerciseList
FN:26,(anonymous_1)
FN:29,(anonymous_2)
FN:39,(anonymous_3)
FN:61,(anonymous_4)
FN:69,(anonymous_5)
FN:77,(anonymous_6)
FN:89,(anonymous_7)
FN:99,(anonymous_8)
FN:120,(anonymous_9)
FN:127,(anonymous_10)
FN:151,(anonymous_11)
FN:152,(anonymous_12)
FNF:13
FNH:13
FNDA:30,ExerciseList
FNDA:180,(anonymous_1)
FNDA:180,(anonymous_2)
FNDA:1,(anonymous_3)
FNDA:3,(anonymous_4)
FNDA:150,(anonymous_5)
FNDA:1,(anonymous_6)
FNDA:164,(anonymous_7)
FNDA:1,(anonymous_8)
FNDA:4,(anonymous_9)
FNDA:1148,(anonymous_10)
FNDA:4,(anonymous_11)
FNDA:4,(anonymous_12)
DA:9,30
DA:19,30
DA:20,30
DA:21,30
DA:24,30
DA:26,180
DA:29,30
DA:30,180
DA:34,180
DA:36,180
DA:39,30
DA:40,1
DA:41,1
DA:42,1
DA:46,30
DA:61,3
DA:70,150
DA:77,1
DA:90,164
DA:99,1
DA:121,4
DA:122,4
DA:123,4
DA:128,1148
DA:151,4
DA:152,4
LF:26
LH:26
BRDA:34,0,0,180
BRDA:34,0,1,6
BRDA:36,1,0,180
BRDA:36,1,1,167
BRDA:40,2,0,1
BRDA:40,2,1,0
BRDA:73,3,0,30
BRDA:73,3,1,120
BRDA:86,4,0,0
BRDA:86,4,1,30
BRDA:122,5,0,4
BRDA:122,5,1,0
BRDA:152,6,0,4
BRDA:152,6,1,0
BRF:14
BRH:10
end_of_record
TN:
SF:src/components/Planner.jsx
FN:1,Planner
FN:3,(anonymous_1)
FN:21,(anonymous_2)
FN:57,(anonymous_3)
FN:68,(anonymous_4)
FN:101,(anonymous_5)
FN:119,(anonymous_6)
FNF:7
FNH:7
FNDA:24,Planner
FNDA:168,(anonymous_1)
FNDA:168,(anonymous_2)
FNDA:55,(anonymous_3)
FNDA:2,(anonymous_4)
FNDA:4,(anonymous_5)
FNDA:5,(anonymous_6)
DA:2,24
DA:3,168
DA:7,24
DA:22,168
DA:58,55
DA:68,2
DA:102,4
DA:120,5
LF:8
LH:8
BRDA:14,0,0,10
BRDA:14,0,1,14
BRDA:25,1,0,25
BRDA:25,1,1,143
BRDA:30,2,0,25
BRDA:30,2,1,143
BRDA:37,3,0,143
BRDA:37,3,1,25
BRF:8
BRH:8
end_of_record
TN:
SF:src/data/exercises.js
FNF:0
FNH:0
DA:1,2
LF:1
LH:1
BRF:0
BRH:0
end_of_record
